<?xml version="1.0" encoding="UTF-8"?>
<!-- Generated by org.testng.reporters.JUnitReportReporter -->
<testsuite skipped="3" hostname="prbu" name="com.imdb.org.Asserting" tests="7" failures="0" timestamp="2022-08-16T18:24:12 IST" time="21.821" errors="0">
  <testcase name="testA" time="0.218" classname="com.imdb.org.Asserting"/>
  <system-out/>
  <testcase name="testC" time="0.067" classname="com.imdb.org.Asserting"/>
  <system-out/>
  <testcase name="Test" time="16.958" classname="com.imdb.org.Asserting"/>
  <system-out/>
  <testcase name="testB" time="4.578" classname="com.imdb.org.Asserting"/>
  <system-out/>
  <testcase name="test1" classname="com.imdb.org.Asserting">
    <skipped/>
  </testcase> <!-- test1 -->
  <system-out/>
  <testcase name="test2" classname="com.imdb.org.Asserting">
    <skipped/>
  </testcase> <!-- test2 -->
  <system-out/>
  <testcase name="test3" classname="com.imdb.org.Asserting">
    <skipped/>
  </testcase> <!-- test3 -->
  <system-out/>
</testsuite> <!-- com.imdb.org.Asserting -->
