<?xml version="1.0" encoding="UTF-8"?>
<!-- Generated by org.testng.reporters.JUnitReportReporter -->
<testsuite skipped="0" hostname="prbu" name="testNG.Wiki" tests="5" failures="0" timestamp="2022-08-16T19:52:55 IST" time="65.557" errors="0">
  <testcase name="testB" time="0.196" classname="testNG.Wiki"/>
  <system-out/>
  <testcase name="OpenGoogle" time="45.297" classname="testNG.Wiki"/>
  <system-out/>
  <testcase name="testC" time="19.859" classname="testNG.Wiki"/>
  <system-out/>
  <testcase name="testA" time="0.017" classname="testNG.Wiki"/>
  <system-out/>
  <testcase name="testD" time="0.188" classname="testNG.Wiki"/>
  <system-out/>
</testsuite> <!-- testNG.Wiki -->
